<?xml version='1.0' encoding='UTF-8' ?>
<testsuite name="com.example.linkingyou.ExampleInstrumentedTest" tests="21" failures="0" errors="0" skipped="0" time="33352.0" timestamp="2020-06-15T11:02:56" hostname="localhost">
  <properties>
    <property name="device" value="HUAWEI CRR-UL00 - 5.1.1" />
    <property name="flavor" value="" />
    <property name="project" value="app" />
  </properties>
  <testcase name="useAppContext" classname="com.example.linkingyou.ExampleInstrumentedTest" time="0.001" />
  <testcase name="clubCheckbox" classname="com.example.linkingyou.GatheringDescriptionTest" time="0.918" />
  <testcase name="societyCheckbox" classname="com.example.linkingyou.GatheringDescriptionTest" time="0.566" />
  <testcase name="groupName" classname="com.example.linkingyou.GatheringDescriptionTest" time="0.87" />
  <testcase name="groupDescription" classname="com.example.linkingyou.GatheringDescriptionTest" time="1.456" />
  <testcase name="interestGroupCheckbox" classname="com.example.linkingyou.GatheringDescriptionTest" time="0.558" />
  <testcase name="descriptionView" classname="com.example.linkingyou.GatheringDescriptionTest" time="3.289" />
  <testcase name="groupDeatsButton" classname="com.example.linkingyou.GatheringDescriptionTest" time="0.565" />
  <testcase name="loginButton" classname="com.example.linkingyou.MainActivityTest" time="0.539" />
  <testcase name="usernameText" classname="com.example.linkingyou.MainActivityTest" time="0.8" />
  <testcase name="regLink" classname="com.example.linkingyou.MainActivityTest" time="0.622" />
  <testcase name="passText" classname="com.example.linkingyou.MainActivityTest" time="1.411" />
  <testcase name="processLogin" classname="com.example.linkingyou.MainActivityTest" time="2.381" />
  <testcase name="passConText" classname="com.example.linkingyou.RegisterActivityTest" time="1.255" />
  <testcase name="studNoText" classname="com.example.linkingyou.RegisterActivityTest" time="0.945" />
  <testcase name="regButton" classname="com.example.linkingyou.RegisterActivityTest" time="4.361" />
  <testcase name="usernameText" classname="com.example.linkingyou.RegisterActivityTest" time="1.05" />
  <testcase name="passText" classname="com.example.linkingyou.RegisterActivityTest" time="1.179" />
  <testcase name="backButton" classname="com.example.linkingyou.RegisterActivityTest" time="0.563" />
  <testcase name="addGroup" classname="com.example.linkingyou.TabActivityTest" time="3.098" />
  <testcase name="createButton" classname="com.example.linkingyou.TabActivityTest" time="0.257" />
</testsuite>